<?xml version="1.0" encoding="UTF-8"?>
<!-- Generated by org.testng.reporters.JUnitReportReporter -->
<testsuite hostname="Devil_Is_Back" name="com.qa.tests.GetAPITests" tests="2" failures="0" timestamp="21 Sep 2019 18:23:44 GMT" time="2.291" errors="0">
  <testcase name="test1" time="2.277" classname="com.qa.tests.GetAPITests"/>
  <testcase name="setUp" time="0.014" classname="com.qa.tests.GetAPITests"/>
</testsuite> <!-- com.qa.tests.GetAPITests -->
